#
# There is insufficient memory for the Java Runtime Environment to continue.
# Native memory allocation (mmap) failed to map 134217728 bytes for Failed to commit area from 0x0000000081800000 to 0x0000000089800000 of length 134217728.
# Possible reasons:
#   The system is out of physical RAM or swap space
#   The process is running with CompressedOops enabled, and the Java Heap may be blocking the growth of the native heap
# Possible solutions:
#   Reduce memory load on the system
#   Increase physical memory or swap space
#   Check if swap backing store is full
#   Decrease Java heap size (-Xmx/-Xms)
#   Decrease number of Java threads
#   Decrease Java thread stack sizes (-Xss)
#   Set larger code cache with -XX:ReservedCodeCacheSize=
# This output file may be truncated or incomplete.
#
#  Out of Memory Error (t:/workspace/hotspot/src/os/windows/vm/os_windows.cpp:3357), pid=16224, tid=6280
#
# JRE version:  (9.0+11) (build )
# Java VM: Java HotSpot(TM) 64-Bit Server VM (9.0.4+11, mixed mode, tiered, compressed oops, g1 gc, windows-amd64)
# No core dump will be written. Minidumps are not enabled by default on client versions of Windows
#

---------------  S U M M A R Y ------------

Command Line: -javaagent:D:\IntelliJ IDEA 2017.3.4\lib\idea_rt.jar=52037:D:\IntelliJ IDEA 2017.3.4\bin -Dfile.encoding=UTF-8 user.Main

Host: AMD FX(tm)-8320 Eight-Core Processor           , 8 cores, 7G,  Windows 10 , 64 bit Build 17134 (10.0.17134.1)
Time: Sun Oct 28 03:11:14 2018 RTZ 2 (ceia) elapsed time: 0 seconds (0d 0h 0m 0s)

---------------  T H R E A D  ---------------

Current thread (0x000001a2c1595000):  JavaThread "Unknown thread" [_thread_in_vm, id=6280, stack(0x000000236a900000,0x000000236aa00000)]

Stack: [0x000000236a900000,0x000000236aa00000]
Native frames: (J=compiled Java code, j=interpreted, Vv=VM code, C=native code)
V  [jvm.dll+0x587068]
V  [jvm.dll+0x69c25e]
V  [jvm.dll+0x69d17a]
V  [jvm.dll+0x69d7b3]
V  [jvm.dll+0x21d198]
V  [jvm.dll+0x584bb4]
V  [jvm.dll+0x57a095]
V  [jvm.dll+0x2cd67b]
V  [jvm.dll+0x2cd5e3]
V  [jvm.dll+0x2cd4b2]
V  [jvm.dll+0x2cf4b3]
V  [jvm.dll+0x3191e3]
V  [jvm.dll+0x3198f6]
V  [jvm.dll+0x3192e3]
V  [jvm.dll+0x2adeb8]
V  [jvm.dll+0x2af0e7]
V  [jvm.dll+0x67b34d]
V  [jvm.dll+0x67c70c]
V  [jvm.dll+0x3269c9]
V  [jvm.dll+0x66555e]
V  [jvm.dll+0x391811]
V  [jvm.dll+0x3937c1]
C  [java.exe+0x34f1]
C  [java.exe+0xe24f]
C  [java.exe+0xe3f6]
C  [KERNEL32.DLL+0x13034]
C  [ntdll.dll+0x71461]


---------------  P R O C E S S  ---------------

Java Threads: ( => current thread )

Other Threads:
  0x000001a2c15ab800 GCTaskThread "GC Thread#0" [stack: 0x000000236aa00000,0x000000236ab00000] [id=4132]
  0x000001a2c15ac800 GCTaskThread "GC Thread#1" [stack: 0x000000236ab00000,0x000000236ac00000] [id=1344]
  0x000001a2c15ae800 GCTaskThread "GC Thread#2" [stack: 0x000000236ac00000,0x000000236ad00000] [id=15016]
  0x000001a2c15b0800 GCTaskThread "GC Thread#3" [stack: 0x000000236ad00000,0x000000236ae00000] [id=11796]
  0x000001a2c15b2800 GCTaskThread "GC Thread#4" [stack: 0x000000236ae00000,0x000000236af00000] [id=8276]
  0x000001a2c15be800 GCTaskThread "GC Thread#5" [stack: 0x000000236af00000,0x000000236b000000] [id=8144]
  0x000001a2c15c1800 GCTaskThread "GC Thread#6" [stack: 0x000000236b000000,0x000000236b100000] [id=3696]
  0x000001a2c15c3000 GCTaskThread "GC Thread#7" [stack: 0x000000236b100000,0x000000236b200000] [id=4332]
  0x000001a2c161e800 ConcurrentGCThread "G1 Main Marker" [stack: 0x000000236bb00000,0x000000236bc00000] [id=13288]
  0x000001a2c161f800 ConcurrentGCThread "G1 Marker#0" [stack: 0x000000236bc00000,0x000000236bd00000] [id=1816]
  0x000001a2c1620000 ConcurrentGCThread "G1 Marker#1" [stack: 0x000000236bd00000,0x000000236be00000] [id=16324]
  0x000001a2c15ec000 ConcurrentGCThread "G1 Refine#0" [stack: 0x000000236b900000,0x000000236ba00000] [id=11552]
  0x000001a2c15e4800 ConcurrentGCThread "G1 Refine#1" [stack: 0x000000236b800000,0x000000236b900000] [id=7112]
  0x000001a2c15d6800 ConcurrentGCThread "G1 Refine#2" [stack: 0x000000236b700000,0x000000236b800000] [id=16256]
  0x000001a2c15d3800 ConcurrentGCThread "G1 Refine#3" [stack: 0x000000236b600000,0x000000236b700000] [id=4228]
  0x000001a2c15d2800 ConcurrentGCThread "G1 Refine#4" [stack: 0x000000236b500000,0x000000236b600000] [id=8180]
  0x000001a2c15cf800 ConcurrentGCThread "G1 Refine#5" [stack: 0x000000236b400000,0x000000236b500000] [id=15712]
  0x000001a2c15cd000 ConcurrentGCThread "G1 Refine#6" [stack: 0x000000236b300000,0x000000236b400000] [id=12188]
  0x000001a2c15c7800 ConcurrentGCThread "G1 Refine#7" [stack: 0x000000236b200000,0x000000236b300000] [id=6984]
  0x000001a2c15f8000 ConcurrentGCThread "G1 Young RemSet Sampling" [stack: 0x000000236ba00000,0x000000236bb00000] [id=13240]

=>0x000001a2c1595000 (exited) JavaThread "Unknown thread" [_thread_in_vm, id=6280, stack(0x000000236a900000,0x000000236aa00000)]

Threads with active compile tasks:

VM state:not at safepoint (not fully initialized)

VM Mutex/Monitor currently owned by a thread:  ([mutex/lock_event])
[0x000001a2c1592b20] Heap_lock - owner thread: 0x000001a2c1595000

Heap address: 0x0000000081800000, size: 2024 MB, Compressed Oops mode: Non-zero based: 0x0000000081800000
Narrow klass base: 0x0000000000000000, Narrow klass shift: 0

GC Heap History (0 events):
No events

Deoptimization events (0 events):
No events

Classes redefined (0 events):
No events

Internal exceptions (0 events):
No events

Events (0 events):
No events


Dynamic libraries:
0x00007ff7a5a60000 - 0x00007ff7a5a9e000 	C:\Program Files\Java\jdk-9.0.4\bin\java.exe
0x00007ffbd2270000 - 0x00007ffbd2451000 	C:\WINDOWS\SYSTEM32\ntdll.dll
0x00007ffbd1a70000 - 0x00007ffbd1b22000 	C:\WINDOWS\System32\KERNEL32.DLL
0x00007ffbcedd0000 - 0x00007ffbcf043000 	C:\WINDOWS\System32\KERNELBASE.dll
0x00007ffbd0ed0000 - 0x00007ffbd0f71000 	C:\WINDOWS\System32\ADVAPI32.dll
0x00007ffbcf700000 - 0x00007ffbcf79e000 	C:\WINDOWS\System32\msvcrt.dll
0x00007ffbd1f40000 - 0x00007ffbd1f9b000 	C:\WINDOWS\System32\sechost.dll
0x00007ffbd1e10000 - 0x00007ffbd1f34000 	C:\WINDOWS\System32\RPCRT4.dll
0x00007ffbd1fa0000 - 0x00007ffbd2130000 	C:\WINDOWS\System32\USER32.dll
0x00007ffbcf050000 - 0x00007ffbcf070000 	C:\WINDOWS\System32\win32u.dll
0x00007ffbcf7a0000 - 0x00007ffbcf7c8000 	C:\WINDOWS\System32\GDI32.dll
0x00007ffbcf070000 - 0x00007ffbcf202000 	C:\WINDOWS\System32\gdi32full.dll
0x00007ffbcf2c0000 - 0x00007ffbcf35f000 	C:\WINDOWS\System32\msvcp_win.dll
0x00007ffbcf600000 - 0x00007ffbcf6fa000 	C:\WINDOWS\System32\ucrtbase.dll
0x00007ffbc5800000 - 0x00007ffbc5a69000 	C:\WINDOWS\WinSxS\amd64_microsoft.windows.common-controls_6595b64144ccf1df_6.0.17134.345_none_fb429a5930656358\COMCTL32.dll
0x00007ffbc77e0000 - 0x00007ffbc77ea000 	C:\WINDOWS\SYSTEM32\VERSION.dll
0x00007ffbd0f80000 - 0x00007ffbd12a3000 	C:\WINDOWS\System32\combase.dll
0x00007ffbced50000 - 0x00007ffbcedca000 	C:\WINDOWS\System32\bcryptPrimitives.dll
0x00007ffbd0c80000 - 0x00007ffbd0cad000 	C:\WINDOWS\System32\IMM32.DLL
0x00007ffbbc600000 - 0x00007ffbbc6ef000 	C:\Program Files\Java\jdk-9.0.4\bin\msvcr120.dll
0x00007ffb9dec0000 - 0x00007ffb9df66000 	C:\Program Files\Java\jdk-9.0.4\bin\msvcp120.dll
0x000000005ccb0000 - 0x000000005d6d5000 	C:\Program Files\Java\jdk-9.0.4\bin\server\jvm.dll
0x00007ffbd2190000 - 0x00007ffbd2198000 	C:\WINDOWS\System32\PSAPI.DLL
0x00007ffbc12b0000 - 0x00007ffbc12b9000 	C:\WINDOWS\SYSTEM32\WSOCK32.dll
0x00007ffbc9790000 - 0x00007ffbc97b3000 	C:\WINDOWS\SYSTEM32\WINMM.dll
0x00007ffbd1500000 - 0x00007ffbd156c000 	C:\WINDOWS\System32\WS2_32.dll
0x00007ffbc9760000 - 0x00007ffbc978a000 	C:\WINDOWS\SYSTEM32\winmmbase.dll
0x00007ffbcf270000 - 0x00007ffbcf2b9000 	C:\WINDOWS\System32\cfgmgr32.dll
0x00007ffbcb450000 - 0x00007ffbcb45f000 	C:\Program Files\Java\jdk-9.0.4\bin\verify.dll
0x00007ffbcacc0000 - 0x00007ffbcace7000 	C:\Program Files\Java\jdk-9.0.4\bin\java.dll
0x00007ffbbc820000 - 0x00007ffbbc84a000 	C:\Program Files\Java\jdk-9.0.4\bin\instrument.dll
0x00007ffbc99f0000 - 0x00007ffbc9a06000 	C:\Program Files\Java\jdk-9.0.4\bin\zip.dll
0x00007ffbcaca0000 - 0x00007ffbcacaa000 	C:\Program Files\Java\jdk-9.0.4\bin\jimage.dll
0x00007ffbc54f0000 - 0x00007ffbc56b9000 	C:\WINDOWS\SYSTEM32\dbghelp.dll

VM Arguments:
jvm_args: -javaagent:D:\IntelliJ IDEA 2017.3.4\lib\idea_rt.jar=52037:D:\IntelliJ IDEA 2017.3.4\bin -Dfile.encoding=UTF-8 
java_command: user.Main
java_class_path (initial): E:\$Курс по вёрствке$\КУРС\octopus\Epic-BG-PPSSPP-like--master\Romanov-Maxim-traineeship.github.io\BaskinoAccenture\out\production\BaskinoAccenture
Launcher Type: SUN_STANDARD

Logging:
Log output configuration:
#0: stdout all=warning uptime,level,tags
#1: stderr all=off uptime,level,tags

Environment Variables:
PATH=D:\app\Максим\product\11.2.0\dbhome_2\bin;D:\app\Максим\product\11.2.0\dbhome_1\bin;D:\app\oracle\product\11.2.0\server\bin;;C:\Program Files (x86)\NVIDIA Corporation\PhysX\Common;C:\ProgramData\Oracle\Java\javapath;E:\EasyPHP-DevServer-14.1VC11\binaries\php\php_runningversion;C:\WINDOWS\system32;C:\WINDOWS;C:\WINDOWS\System32\Wbem;C:\WINDOWS\System32\WindowsPowerShell\v1.0\;C:\Program Files (x86)\ATI Technologies\ATI.ACE\Core-Static;C:\Program Files (x86)\AMD\ATI.ACE\Core-Static;E:\for\MySQL55\bin;C:\Program Files\wget;D:\command;C:\WINDOWS\System32\OpenSSH\;C:\Program Files\nodejs\;C:\composer;C:\Program Files\Git\cmd;C:\Program Files\Microsoft SQL Server\Client SDK\ODBC\130\Tools\Binn\;C:\Program Files (x86)\Microsoft SQL Server\140\Tools\Binn\;C:\Program Files\Microsoft SQL Server\140\Tools\Binn\;C:\Program Files\Microsoft SQL Server\140\DTS\Binn\;C:\Ruby25-x64\bin;C:\RailsInstaller\Git\cmd;C:\RailsInstaller\Ruby2.3.3\bin;C:\Users\Максим\AppData\Local\Programs\Python\Python36-32\Scripts\;C:\Users\Максим\AppData\Local\Programs\Python\Python36-32\;C:\Users\Максим\AppData\Local\Microsoft\WindowsApps;C:\Users\Максим\AppData\Roaming\npm;C:\Users\Максим\AppData\Local\GitHubDesktop\bin;E:\heroku\bin;C:\Users\Максим\AppData\Roaming\Composer\vendor\bin;C:\Users\Максим\AppData\Local\atom\bin
USERNAME=Максим
OS=Windows_NT
PROCESSOR_IDENTIFIER=AMD64 Family 21 Model 2 Stepping 0, AuthenticAMD



---------------  S Y S T E M  ---------------

OS: Windows 10 , 64 bit Build 17134 (10.0.17134.1)

CPU:total 8 (initial active 8) (8 cores per cpu, 1 threads per core) family 21 model 2 stepping 0, cmov, cx8, fxsr, mmx, sse, sse2, sse3, ssse3, sse4.1, sse4.2, popcnt, avx, aes, clmul, mmxext, 3dnowpref, lzcnt, sse4a, tsc, tscinvbit, tscinv, bmi1

Memory: 4k page, physical 8287816k(2733724k free), swap 8287816k(57596k free)

vm_info: Java HotSpot(TM) 64-Bit Server VM (9.0.4+11) for windows-amd64 JRE (9.0.4+11), built on Dec 20 2017 02:18:54 by "mach5one" with MS VC++ 12.0 (VS2013)

END.
