#
# There is insufficient memory for the Java Runtime Environment to continue.
# Native memory allocation (malloc) failed to allocate 16856 bytes for AllocateHeap
# Possible reasons:
#   The system is out of physical RAM or swap space
#   The process is running with CompressedOops enabled, and the Java Heap may be blocking the growth of the native heap
# Possible solutions:
#   Reduce memory load on the system
#   Increase physical memory or swap space
#   Check if swap backing store is full
#   Decrease Java heap size (-Xmx/-Xms)
#   Decrease number of Java threads
#   Decrease Java thread stack sizes (-Xss)
#   Set larger code cache with -XX:ReservedCodeCacheSize=
#   JVM is running with Unscaled Compressed Oops mode in which the Java heap is
#     placed in the first 4GB address space. The Java Heap base address is the
#     maximum limit for the native heap growth. Please use -XX:HeapBaseMinAddress
#     to set the Java Heap base and to place the Java Heap above 4GB virtual address.
# This output file may be truncated or incomplete.
#
#  Out of Memory Error (memory/allocation.inline.hpp:62), pid=2760, tid=2524
#
# JRE version: Java(TM) SE Runtime Environment (9.0+11) (build 9.0.4+11)
# Java VM: Java HotSpot(TM) 64-Bit Server VM (9.0.4+11, mixed mode, tiered, compressed oops, g1 gc, windows-amd64)
# No core dump will be written. Minidumps are not enabled by default on client versions of Windows
#

---------------  S U M M A R Y ------------

Command Line: -javaagent:D:\IntelliJ IDEA 2017.3.4\lib\idea_rt.jar=50645:D:\IntelliJ IDEA 2017.3.4\bin -Dfile.encoding=UTF-8 user.Main

Host: AMD FX(tm)-8320 Eight-Core Processor           , 8 cores, 7G,  Windows 10 , 64 bit Build 17134 (10.0.17134.1)
Time: Tue Oct 30 09:36:22 2018 RTZ 2 (ceia) elapsed time: 0 seconds (0d 0h 0m 0s)

---------------  T H R E A D  ---------------

Current thread (0x000002aa26482000):  GCTaskThread "GC Thread#6" [stack: 0x000000d0b3100000,0x000000d0b3200000] [id=2524]

Stack: [0x000000d0b3100000,0x000000d0b3200000]
[error occurred during error reporting (printing stack bounds), id 0xe0000001]

Native frames: (J=compiled Java code, j=interpreted, Vv=VM code, C=native code)
V  [jvm.dll+0x587068]

[error occurred during error reporting (printing native stack), id 0xe0000001]


---------------  P R O C E S S  ---------------

Java Threads: ( => current thread )
  0x000002aa4a5b5800 JavaThread "Service Thread" daemon [_thread_blocked, id=11636, stack(0x000000d0b4b00000,0x000000d0b4c00000)]
  0x000002aa4a5b5000 JavaThread "Monitor Ctrl-Break" daemon [_thread_in_native, id=3660, stack(0x000000d0b4a00000,0x000000d0b4b00000)]
  0x000002aa4a24b000 JavaThread "Common-Cleaner" daemon [_thread_blocked, id=11140, stack(0x000000d0b4900000,0x000000d0b4a00000)]
  0x000002aa4a1e8800 JavaThread "Sweeper thread" daemon [_thread_blocked, id=976, stack(0x000000d0b4800000,0x000000d0b4900000)]
  0x000002aa4a1cd000 JavaThread "C1 CompilerThread3" daemon [_thread_blocked, id=6436, stack(0x000000d0b4700000,0x000000d0b4800000)]
  0x000002aa4a1bc000 JavaThread "C2 CompilerThread2" daemon [_thread_blocked, id=12004, stack(0x000000d0b4600000,0x000000d0b4700000)]
  0x000002aa4a1bb000 JavaThread "C2 CompilerThread1" daemon [_thread_blocked, id=6400, stack(0x000000d0b4500000,0x000000d0b4600000)]
  0x000002aa4a1b9800 JavaThread "C2 CompilerThread0" daemon [_thread_blocked, id=3464, stack(0x000000d0b4400000,0x000000d0b4500000)]
  0x000002aa4a1b8800 JavaThread "Attach Listener" daemon [_thread_blocked, id=4636, stack(0x000000d0b4300000,0x000000d0b4400000)]
  0x000002aa4a1b8000 JavaThread "Signal Dispatcher" daemon [_thread_blocked, id=7252, stack(0x000000d0b4200000,0x000000d0b4300000)]
  0x000002aa4a169000 JavaThread "Finalizer" daemon [_thread_blocked, id=8936, stack(0x000000d0b4100000,0x000000d0b4200000)]
  0x000002aa4a158000 JavaThread "Reference Handler" daemon [_thread_blocked, id=10824, stack(0x000000d0b4000000,0x000000d0b4100000)]
  0x000002aa26455000 JavaThread "main" [_thread_blocked, id=6484, stack(0x000000d0b2a00000,0x000000d0b2b00000)]

Other Threads:
  0x000002aa4a153000 VMThread "VM Thread" [stack: 0x000000d0b3f00000,0x000000d0b4000000] [id=8020]
  0x000002aa4a5b7800 WatcherThread [stack: 0x000000d0b4c00000,0x000000d0b4d00000] [id=10176]
  0x000002aa2646b000 GCTaskThread "GC Thread#0" [stack: 0x000000d0b2b00000,0x000000d0b2c00000] [id=10592]
  0x000002aa2646c800 GCTaskThread "GC Thread#1" [stack: 0x000000d0b2c00000,0x000000d0b2d00000] [id=10784]
  0x000002aa2646e000 GCTaskThread "GC Thread#2" [stack: 0x000000d0b2d00000,0x000000d0b2e00000] [id=3080]
  0x000002aa26471800 GCTaskThread "GC Thread#3" [stack: 0x000000d0b2e00000,0x000000d0b2f00000] [id=4148]
  0x000002aa26476800 GCTaskThread "GC Thread#4" [stack: 0x000000d0b2f00000,0x000000d0b3000000] [id=10204]
  0x000002aa2647a000 GCTaskThread "GC Thread#5" [stack: 0x000000d0b3000000,0x000000d0b3100000] [id=5656]
=>0x000002aa26482000 GCTaskThread "GC Thread#6" [stack: 0x000000d0b3100000,0x000000d0b3200000] [id=2524]
  0x000002aa26482800 GCTaskThread "GC Thread#7" [stack: 0x000000d0b3200000,0x000000d0b3300000] [id=10844]
  0x000002aa46e55800 ConcurrentGCThread "G1 Main Marker" [stack: 0x000000d0b3c00000,0x000000d0b3d00000] [id=4648]
  0x000002aa46e56800 ConcurrentGCThread "G1 Marker#0" [stack: 0x000000d0b3d00000,0x000000d0b3e00000] [id=5612]
  0x000002aa46e57000 ConcurrentGCThread "G1 Marker#1" [stack: 0x000000d0b3e00000,0x000000d0b3f00000] [id=2480]
  0x000002aa264ab800 ConcurrentGCThread "G1 Refine#0" [stack: 0x000000d0b3a00000,0x000000d0b3b00000] [id=9328]
  0x000002aa264a8800 ConcurrentGCThread "G1 Refine#1" [stack: 0x000000d0b3900000,0x000000d0b3a00000] [id=9388]
  0x000002aa264a4000 ConcurrentGCThread "G1 Refine#2" [stack: 0x000000d0b3800000,0x000000d0b3900000] [id=8180]
  0x000002aa26498000 ConcurrentGCThread "G1 Refine#3" [stack: 0x000000d0b3700000,0x000000d0b3800000] [id=9512]
  0x000002aa26497800 ConcurrentGCThread "G1 Refine#4" [stack: 0x000000d0b3600000,0x000000d0b3700000] [id=8232]
  0x000002aa26493800 ConcurrentGCThread "G1 Refine#5" [stack: 0x000000d0b3500000,0x000000d0b3600000] [id=6936]
  0x000002aa26491800 ConcurrentGCThread "G1 Refine#6" [stack: 0x000000d0b3400000,0x000000d0b3500000] [id=8380]
  0x000002aa26491000 ConcurrentGCThread "G1 Refine#7" [stack: 0x000000d0b3300000,0x000000d0b3400000] [id=11216]
  0x000002aa264ad000 ConcurrentGCThread "G1 Young RemSet Sampling" [stack: 0x000000d0b3b00000,0x000000d0b3c00000] [id=620]

Threads with active compile tasks:

VM state:at safepoint (normal execution)

VM Mutex/Monitor currently owned by a thread:  ([mutex/lock_event])
[0x000002aa26453b60] Threads_lock - owner thread: 0x000002aa4a153000
[0x000002aa26454580] Heap_lock - owner thread: 0x000002aa26455000

Heap address: 0x0000000081800000, size: 2024 MB, Compressed Oops mode: 32-bit
Narrow klass base: 0x0000000000000000, Narrow klass shift: 3
Compressed class space size: 1073741824 Address: 0x0000000100000000

Heap:
 garbage-first heap   total 131072K, used 5621K [0x0000000081800000, 0x0000000081900400, 0x0000000100000000)
  region size 1024K, 7 young (7168K), 1 survivors (1024K)
 Metaspace       used 6606K, capacity 6754K, committed 6784K, reserved 1069056K
  class space    used 582K, capacity 622K, committed 640K, reserved 1048576K
Heap Regions: E=young(eden), S=young(survivor), O=old, HS=humongous(starts), HC=humongous(continues), CS=collection set, F=free, A=archive, TS=gc time stamp, AC=allocation context, TAMS=top-at-mark-start (previous, next)
|   0|0x0000000081800000, 0x0000000081800000, 0x0000000081900000|  0%| F|  |TS  0|AC  0|TAMS 0x0000000081800000, 0x0000000081800000|
|   1|0x0000000081900000, 0x0000000081900000, 0x0000000081a00000|  0%| F|  |TS  0|AC  0|TAMS 0x0000000081900000, 0x0000000081900000|
|   2|0x0000000081a00000, 0x0000000081a00000, 0x0000000081b00000|  0%| F|  |TS  0|AC  0|TAMS 0x0000000081a00000, 0x0000000081a00000|
|   3|0x0000000081b00000, 0x0000000081b00000, 0x0000000081c00000|  0%| F|  |TS  0|AC  0|TAMS 0x0000000081b00000, 0x0000000081b00000|
|   4|0x0000000081c00000, 0x0000000081c00000, 0x0000000081d00000|  0%| F|  |TS  0|AC  0|TAMS 0x0000000081c00000, 0x0000000081c00000|
|   5|0x0000000081d00000, 0x0000000081d00000, 0x0000000081e00000|  0%| F|  |TS  0|AC  0|TAMS 0x0000000081d00000, 0x0000000081d00000|
|   6|0x0000000081e00000, 0x0000000081e00000, 0x0000000081f00000|  0%| F|  |TS  0|AC  0|TAMS 0x0000000081e00000, 0x0000000081e00000|
|   7|0x0000000081f00000, 0x0000000081f00000, 0x0000000082000000|  0%| F|  |TS  0|AC  0|TAMS 0x0000000081f00000, 0x0000000081f00000|
|   8|0x0000000082000000, 0x0000000082000000, 0x0000000082100000|  0%| F|  |TS  0|AC  0|TAMS 0x0000000082000000, 0x0000000082000000|
|   9|0x0000000082100000, 0x0000000082100000, 0x0000000082200000|  0%| F|  |TS  0|AC  0|TAMS 0x0000000082100000, 0x0000000082100000|
|  10|0x0000000082200000, 0x0000000082200000, 0x0000000082300000|  0%| F|  |TS  0|AC  0|TAMS 0x0000000082200000, 0x0000000082200000|
|  11|0x0000000082300000, 0x0000000082300000, 0x0000000082400000|  0%| F|  |TS  0|AC  0|TAMS 0x0000000082300000, 0x0000000082300000|
|  12|0x0000000082400000, 0x0000000082400000, 0x0000000082500000|  0%| F|  |TS  0|AC  0|TAMS 0x0000000082400000, 0x0000000082400000|
|  13|0x0000000082500000, 0x0000000082500000, 0x0000000082600000|  0%| F|  |TS  0|AC  0|TAMS 0x0000000082500000, 0x0000000082500000|
|  14|0x0000000082600000, 0x0000000082600000, 0x0000000082700000|  0%| F|  |TS  0|AC  0|TAMS 0x0000000082600000, 0x0000000082600000|
|  15|0x0000000082700000, 0x0000000082700000, 0x0000000082800000|  0%| F|  |TS  0|AC  0|TAMS 0x0000000082700000, 0x0000000082700000|
|  16|0x0000000082800000, 0x0000000082800000, 0x0000000082900000|  0%| F|  |TS  0|AC  0|TAMS 0x0000000082800000, 0x0000000082800000|
|  17|0x0000000082900000, 0x0000000082900000, 0x0000000082a00000|  0%| F|  |TS  0|AC  0|TAMS 0x0000000082900000, 0x0000000082900000|
|  18|0x0000000082a00000, 0x0000000082a00000, 0x0000000082b00000|  0%| F|  |TS  0|AC  0|TAMS 0x0000000082a00000, 0x0000000082a00000|
|  19|0x0000000082b00000, 0x0000000082b00000, 0x0000000082c00000|  0%| F|  |TS  0|AC  0|TAMS 0x0000000082b00000, 0x0000000082b00000|
|  20|0x0000000082c00000, 0x0000000082c00000, 0x0000000082d00000|  0%| F|  |TS  0|AC  0|TAMS 0x0000000082c00000, 0x0000000082c00000|
|  21|0x0000000082d00000, 0x0000000082d00000, 0x0000000082e00000|  0%| F|  |TS  0|AC  0|TAMS 0x0000000082d00000, 0x0000000082d00000|
|  22|0x0000000082e00000, 0x0000000082e00000, 0x0000000082f00000|  0%| F|  |TS  0|AC  0|TAMS 0x0000000082e00000, 0x0000000082e00000|
|  23|0x0000000082f00000, 0x0000000082f00000, 0x0000000083000000|  0%| F|  |TS  0|AC  0|TAMS 0x0000000082f00000, 0x0000000082f00000|
|  24|0x0000000083000000, 0x0000000083000000, 0x0000000083100000|  0%| F|  |TS  0|AC  0|TAMS 0x0000000083000000, 0x0000000083000000|
|  25|0x0000000083100000, 0x0000000083100000, 0x0000000083200000|  0%| F|  |TS  0|AC  0|TAMS 0x0000000083100000, 0x0000000083100000|
|  26|0x0000000083200000, 0x0000000083200000, 0x0000000083300000|  0%| F|  |TS  0|AC  0|TAMS 0x0000000083200000, 0x0000000083200000|
|  27|0x0000000083300000, 0x0000000083300000, 0x0000000083400000|  0%| F|  |TS  0|AC  0|TAMS 0x0000000083300000, 0x0000000083300000|
|  28|0x0000000083400000, 0x0000000083400000, 0x0000000083500000|  0%| F|  |TS  0|AC  0|TAMS 0x0000000083400000, 0x0000000083400000|
|  29|0x0000000083500000, 0x0000000083500000, 0x0000000083600000|  0%| F|  |TS  0|AC  0|TAMS 0x0000000083500000, 0x0000000083500000|
|  30|0x0000000083600000, 0x0000000083600000, 0x0000000083700000|  0%| F|  |TS  0|AC  0|TAMS 0x0000000083600000, 0x0000000083600000|
|  31|0x0000000083700000, 0x0000000083700000, 0x0000000083800000|  0%| F|  |TS  0|AC  0|TAMS 0x0000000083700000, 0x0000000083700000|
|  32|0x0000000083800000, 0x0000000083800000, 0x0000000083900000|  0%| F|  |TS  0|AC  0|TAMS 0x0000000083800000, 0x0000000083800000|
|  33|0x0000000083900000, 0x0000000083900000, 0x0000000083a00000|  0%| F|  |TS  0|AC  0|TAMS 0x0000000083900000, 0x0000000083900000|
|  34|0x0000000083a00000, 0x0000000083a00000, 0x0000000083b00000|  0%| F|  |TS  0|AC  0|TAMS 0x0000000083a00000, 0x0000000083a00000|
|  35|0x0000000083b00000, 0x0000000083b00000, 0x0000000083c00000|  0%| F|  |TS  0|AC  0|TAMS 0x0000000083b00000, 0x0000000083b00000|
|  36|0x0000000083c00000, 0x0000000083c00000, 0x0000000083d00000|  0%| F|  |TS  0|AC  0|TAMS 0x0000000083c00000, 0x0000000083c00000|
|  37|0x0000000083d00000, 0x0000000083d00000, 0x0000000083e00000|  0%| F|  |TS  0|AC  0|TAMS 0x0000000083d00000, 0x0000000083d00000|
|  38|0x0000000083e00000, 0x0000000083e00000, 0x0000000083f00000|  0%| F|  |TS  0|AC  0|TAMS 0x0000000083e00000, 0x0000000083e00000|
|  39|0x0000000083f00000, 0x0000000083f00000, 0x0000000084000000|  0%| F|  |TS  0|AC  0|TAMS 0x0000000083f00000, 0x0000000083f00000|
|  40|0x0000000084000000, 0x0000000084000000, 0x0000000084100000|  0%| F|  |TS  0|AC  0|TAMS 0x0000000084000000, 0x0000000084000000|
|  41|0x0000000084100000, 0x0000000084100000, 0x0000000084200000|  0%| F|  |TS  0|AC  0|TAMS 0x0000000084100000, 0x0000000084100000|
|  42|0x0000000084200000, 0x0000000084200000, 0x0000000084300000|  0%| F|  |TS  0|AC  0|TAMS 0x0000000084200000, 0x0000000084200000|
|  43|0x0000000084300000, 0x0000000084300000, 0x0000000084400000|  0%| F|  |TS  0|AC  0|TAMS 0x0000000084300000, 0x0000000084300000|
|  44|0x0000000084400000, 0x0000000084400000, 0x0000000084500000|  0%| F|  |TS  0|AC  0|TAMS 0x0000000084400000, 0x0000000084400000|
|  45|0x0000000084500000, 0x0000000084500000, 0x0000000084600000|  0%| F|  |TS  0|AC  0|TAMS 0x0000000084500000, 0x0000000084500000|
|  46|0x0000000084600000, 0x0000000084600000, 0x0000000084700000|  0%| F|  |TS  0|AC  0|TAMS 0x0000000084600000, 0x0000000084600000|
|  47|0x0000000084700000, 0x0000000084700000, 0x0000000084800000|  0%| F|  |TS  0|AC  0|TAMS 0x0000000084700000, 0x0000000084700000|
|  48|0x0000000084800000, 0x0000000084800000, 0x0000000084900000|  0%| F|  |TS  0|AC  0|TAMS 0x0000000084800000, 0x0000000084800000|
|  49|0x0000000084900000, 0x0000000084900000, 0x0000000084a00000|  0%| F|  |TS  0|AC  0|TAMS 0x0000000084900000, 0x0000000084900000|
|  50|0x0000000084a00000, 0x0000000084a00000, 0x0000000084b00000|  0%| F|  |TS  0|AC  0|TAMS 0x0000000084a00000, 0x0000000084a00000|
|  51|0x0000000084b00000, 0x0000000084b00000, 0x0000000084c00000|  0%| F|  |TS  0|AC  0|TAMS 0x0000000084b00000, 0x0000000084b00000|
|  52|0x0000000084c00000, 0x0000000084c00000, 0x0000000084d00000|  0%| F|  |TS  0|AC  0|TAMS 0x0000000084c00000, 0x0000000084c00000|
|  53|0x0000000084d00000, 0x0000000084d00000, 0x0000000084e00000|  0%| F|  |TS  0|AC  0|TAMS 0x0000000084d00000, 0x0000000084d00000|
|  54|0x0000000084e00000, 0x0000000084e00000, 0x0000000084f00000|  0%| F|  |TS  0|AC  0|TAMS 0x0000000084e00000, 0x0000000084e00000|
|  55|0x0000000084f00000, 0x0000000084f00000, 0x0000000085000000|  0%| F|  |TS  0|AC  0|TAMS 0x0000000084f00000, 0x0000000084f00000|
|  56|0x0000000085000000, 0x0000000085000000, 0x0000000085100000|  0%| F|  |TS  0|AC  0|TAMS 0x0000000085000000, 0x0000000085000000|
|  57|0x0000000085100000, 0x0000000085100000, 0x0000000085200000|  0%| F|  |TS  0|AC  0|TAMS 0x0000000085100000, 0x0000000085100000|
|  58|0x0000000085200000, 0x0000000085200000, 0x0000000085300000|  0%| F|  |TS  0|AC  0|TAMS 0x0000000085200000, 0x0000000085200000|
|  59|0x0000000085300000, 0x0000000085300000, 0x0000000085400000|  0%| F|  |TS  0|AC  0|TAMS 0x0000000085300000, 0x0000000085300000|
|  60|0x0000000085400000, 0x0000000085400000, 0x0000000085500000|  0%| F|  |TS  0|AC  0|TAMS 0x0000000085400000, 0x0000000085400000|
|  61|0x0000000085500000, 0x0000000085500000, 0x0000000085600000|  0%| F|  |TS  0|AC  0|TAMS 0x0000000085500000, 0x0000000085500000|
|  62|0x0000000085600000, 0x0000000085600000, 0x0000000085700000|  0%| F|  |TS  0|AC  0|TAMS 0x0000000085600000, 0x0000000085600000|
|  63|0x0000000085700000, 0x0000000085700000, 0x0000000085800000|  0%| F|  |TS  0|AC  0|TAMS 0x0000000085700000, 0x0000000085700000|
|  64|0x0000000085800000, 0x0000000085800000, 0x0000000085900000|  0%| F|  |TS  0|AC  0|TAMS 0x0000000085800000, 0x0000000085800000|
|  65|0x0000000085900000, 0x0000000085900000, 0x0000000085a00000|  0%| F|  |TS  0|AC  0|TAMS 0x0000000085900000, 0x0000000085900000|
|  66|0x0000000085a00000, 0x0000000085a00000, 0x0000000085b00000|  0%| F|  |TS  0|AC  0|TAMS 0x0000000085a00000, 0x0000000085a00000|
|  67|0x0000000085b00000, 0x0000000085b00000, 0x0000000085c00000|  0%| F|  |TS  0|AC  0|TAMS 0x0000000085b00000, 0x0000000085b00000|
|  68|0x0000000085c00000, 0x0000000085c00000, 0x0000000085d00000|  0%| F|  |TS  0|AC  0|TAMS 0x0000000085c00000, 0x0000000085c00000|
|  69|0x0000000085d00000, 0x0000000085d00000, 0x0000000085e00000|  0%| F|  |TS  0|AC  0|TAMS 0x0000000085d00000, 0x0000000085d00000|
|  70|0x0000000085e00000, 0x0000000085e00000, 0x0000000085f00000|  0%| F|  |TS  0|AC  0|TAMS 0x0000000085e00000, 0x0000000085e00000|
|  71|0x0000000085f00000, 0x0000000085f00000, 0x0000000086000000|  0%| F|  |TS  0|AC  0|TAMS 0x0000000085f00000, 0x0000000085f00000|
|  72|0x0000000086000000, 0x0000000086000000, 0x0000000086100000|  0%| F|  |TS  0|AC  0|TAMS 0x0000000086000000, 0x0000000086000000|
|  73|0x0000000086100000, 0x0000000086100000, 0x0000000086200000|  0%| F|  |TS  0|AC  0|TAMS 0x0000000086100000, 0x0000000086100000|
|  74|0x0000000086200000, 0x0000000086200000, 0x0000000086300000|  0%| F|  |TS  0|AC  0|TAMS 0x0000000086200000, 0x0000000086200000|
|  75|0x0000000086300000, 0x0000000086300000, 0x0000000086400000|  0%| F|  |TS  0|AC  0|TAMS 0x0000000086300000, 0x0000000086300000|
|  76|0x0000000086400000, 0x0000000086400000, 0x0000000086500000|  0%| F|  |TS  0|AC  0|TAMS 0x0000000086400000, 0x0000000086400000|
|  77|0x0000000086500000, 0x0000000086500000, 0x0000000086600000|  0%| F|  |TS  0|AC  0|TAMS 0x0000000086500000, 0x0000000086500000|
|  78|0x0000000086600000, 0x0000000086600000, 0x0000000086700000|  0%| F|  |TS  0|AC  0|TAMS 0x0000000086600000, 0x0000000086600000|
|  79|0x0000000086700000, 0x0000000086700000, 0x0000000086800000|  0%| F|  |TS  0|AC  0|TAMS 0x0000000086700000, 0x0000000086700000|
|  80|0x0000000086800000, 0x0000000086800000, 0x0000000086900000|  0%| F|  |TS  0|AC  0|TAMS 0x0000000086800000, 0x0000000086800000|
|  81|0x0000000086900000, 0x0000000086900000, 0x0000000086a00000|  0%| F|  |TS  0|AC  0|TAMS 0x0000000086900000, 0x0000000086900000|
|  82|0x0000000086a00000, 0x0000000086a00000, 0x0000000086b00000|  0%| F|  |TS  0|AC  0|TAMS 0x0000000086a00000, 0x0000000086a00000|
|  83|0x0000000086b00000, 0x0000000086b00000, 0x0000000086c00000|  0%| F|  |TS  0|AC  0|TAMS 0x0000000086b00000, 0x0000000086b00000|
|  84|0x0000000086c00000, 0x0000000086c00000, 0x0000000086d00000|  0%| F|  |TS  0|AC  0|TAMS 0x0000000086c00000, 0x0000000086c00000|
|  85|0x0000000086d00000, 0x0000000086d00000, 0x0000000086e00000|  0%| F|  |TS  0|AC  0|TAMS 0x0000000086d00000, 0x0000000086d00000|
|  86|0x0000000086e00000, 0x0000000086e00000, 0x0000000086f00000|  0%| F|  |TS  0|AC  0|TAMS 0x0000000086e00000, 0x0000000086e00000|
|  87|0x0000000086f00000, 0x0000000086f00000, 0x0000000087000000|  0%| F|  |TS  0|AC  0|TAMS 0x0000000086f00000, 0x0000000086f00000|
|  88|0x0000000087000000, 0x0000000087000000, 0x0000000087100000|  0%| F|  |TS  0|AC  0|TAMS 0x0000000087000000, 0x0000000087000000|
|  89|0x0000000087100000, 0x0000000087100000, 0x0000000087200000|  0%| F|  |TS  0|AC  0|TAMS 0x0000000087100000, 0x0000000087100000|
|  90|0x0000000087200000, 0x0000000087200000, 0x0000000087300000|  0%| F|  |TS  0|AC  0|TAMS 0x0000000087200000, 0x0000000087200000|
|  91|0x0000000087300000, 0x0000000087300000, 0x0000000087400000|  0%| F|  |TS  0|AC  0|TAMS 0x0000000087300000, 0x0000000087300000|
|  92|0x0000000087400000, 0x0000000087400000, 0x0000000087500000|  0%| F|  |TS  0|AC  0|TAMS 0x0000000087400000, 0x0000000087400000|
|  93|0x0000000087500000, 0x0000000087500000, 0x0000000087600000|  0%| F|  |TS  0|AC  0|TAMS 0x0000000087500000, 0x0000000087500000|
|  94|0x0000000087600000, 0x0000000087600000, 0x0000000087700000|  0%| F|  |TS  0|AC  0|TAMS 0x0000000087600000, 0x0000000087600000|
|  95|0x0000000087700000, 0x0000000087700000, 0x0000000087800000|  0%| F|  |TS  0|AC  0|TAMS 0x0000000087700000, 0x0000000087700000|
|  96|0x0000000087800000, 0x0000000087800000, 0x0000000087900000|  0%| F|  |TS  0|AC  0|TAMS 0x0000000087800000, 0x0000000087800000|
|  97|0x0000000087900000, 0x0000000087900000, 0x0000000087a00000|  0%| F|  |TS  0|AC  0|TAMS 0x0000000087900000, 0x0000000087900000|
|  98|0x0000000087a00000, 0x0000000087a00000, 0x0000000087b00000|  0%| F|  |TS  0|AC  0|TAMS 0x0000000087a00000, 0x0000000087a00000|
|  99|0x0000000087b00000, 0x0000000087b00000, 0x0000000087c00000|  0%| F|  |TS  0|AC  0|TAMS 0x0000000087b00000, 0x0000000087b00000|
| 100|0x0000000087c00000, 0x0000000087c00000, 0x0000000087d00000|  0%| F|  |TS  0|AC  0|TAMS 0x0000000087c00000, 0x0000000087c00000|
| 101|0x0000000087d00000, 0x0000000087d00000, 0x0000000087e00000|  0%| F|  |TS  0|AC  0|TAMS 0x0000000087d00000, 0x0000000087d00000|
| 102|0x0000000087e00000, 0x0000000087e00000, 0x0000000087f00000|  0%| F|  |TS  0|AC  0|TAMS 0x0000000087e00000, 0x0000000087e00000|
| 103|0x0000000087f00000, 0x0000000087f00000, 0x0000000088000000|  0%| F|  |TS  0|AC  0|TAMS 0x0000000087f00000, 0x0000000087f00000|
| 104|0x0000000088000000, 0x0000000088000000, 0x0000000088100000|  0%| F|  |TS  0|AC  0|TAMS 0x0000000088000000, 0x0000000088000000|
| 105|0x0000000088100000, 0x0000000088100000, 0x0000000088200000|  0%| F|  |TS  0|AC  0|TAMS 0x0000000088100000, 0x0000000088100000|
| 106|0x0000000088200000, 0x0000000088200000, 0x0000000088300000|  0%| F|  |TS  0|AC  0|TAMS 0x0000000088200000, 0x0000000088200000|
| 107|0x0000000088300000, 0x0000000088300000, 0x0000000088400000|  0%| F|  |TS  0|AC  0|TAMS 0x0000000088300000, 0x0000000088300000|
| 108|0x0000000088400000, 0x0000000088400000, 0x0000000088500000|  0%| F|  |TS  0|AC  0|TAMS 0x0000000088400000, 0x0000000088400000|
| 109|0x0000000088500000, 0x0000000088500000, 0x0000000088600000|  0%| F|  |TS  0|AC  0|TAMS 0x0000000088500000, 0x0000000088500000|
| 110|0x0000000088600000, 0x0000000088600000, 0x0000000088700000|  0%| F|  |TS  0|AC  0|TAMS 0x0000000088600000, 0x0000000088600000|
| 111|0x0000000088700000, 0x0000000088700000, 0x0000000088800000|  0%| F|  |TS  0|AC  0|TAMS 0x0000000088700000, 0x0000000088700000|
| 112|0x0000000088800000, 0x0000000088800000, 0x0000000088900000|  0%| F|  |TS  0|AC  0|TAMS 0x0000000088800000, 0x0000000088800000|
| 113|0x0000000088900000, 0x0000000088900000, 0x0000000088a00000|  0%| F|  |TS  0|AC  0|TAMS 0x0000000088900000, 0x0000000088900000|
| 114|0x0000000088a00000, 0x0000000088a00000, 0x0000000088b00000|  0%| F|  |TS  0|AC  0|TAMS 0x0000000088a00000, 0x0000000088a00000|
| 115|0x0000000088b00000, 0x0000000088b00000, 0x0000000088c00000|  0%| F|  |TS  0|AC  0|TAMS 0x0000000088b00000, 0x0000000088b00000|
| 116|0x0000000088c00000, 0x0000000088c00000, 0x0000000088d00000|  0%| F|  |TS  0|AC  0|TAMS 0x0000000088c00000, 0x0000000088c00000|
| 117|0x0000000088d00000, 0x0000000088d00000, 0x0000000088e00000|  0%| F|  |TS  0|AC  0|TAMS 0x0000000088d00000, 0x0000000088d00000|
| 118|0x0000000088e00000, 0x0000000088e00000, 0x0000000088f00000|  0%| F|  |TS  0|AC  0|TAMS 0x0000000088e00000, 0x0000000088e00000|
| 119|0x0000000088f00000, 0x0000000088f00000, 0x0000000089000000|  0%| F|  |TS  0|AC  0|TAMS 0x0000000088f00000, 0x0000000088f00000|
| 120|0x0000000089000000, 0x0000000089000000, 0x0000000089100000|  0%| F|  |TS  0|AC  0|TAMS 0x0000000089000000, 0x0000000089000000|
| 121|0x0000000089100000, 0x00000000891279d8, 0x0000000089200000| 15%| S|  |TS  1|AC  0|TAMS 0x0000000089100000, 0x0000000089100000|
| 122|0x0000000089200000, 0x000000008927d418, 0x0000000089300000| 48%| E|CS|TS  0|AC  0|TAMS 0x0000000089200000, 0x000000008927d418|
| 123|0x0000000089300000, 0x0000000089400000, 0x0000000089400000|100%| E|CS|TS  0|AC  0|TAMS 0x0000000089300000, 0x0000000089400000|
| 124|0x0000000089400000, 0x0000000089500000, 0x0000000089500000|100%| E|CS|TS  0|AC  0|TAMS 0x0000000089400000, 0x0000000089500000|
| 125|0x0000000089500000, 0x0000000089600000, 0x0000000089600000|100%| E|CS|TS  0|AC  0|TAMS 0x0000000089500000, 0x0000000089600000|
| 126|0x0000000089600000, 0x0000000089700000, 0x0000000089700000|100%| E|CS|TS  0|AC  0|TAMS 0x0000000089600000, 0x0000000089700000|
| 127|0x0000000089700000, 0x0000000089800000, 0x0000000089800000|100%| E|CS|TS  0|AC  0|TAMS 0x0000000089700000, 0x0000000089800000|

Card table byte_map: [0x000002aa42710000,0x000002aa42b10000] byte_map_base: 0x000002aa42304000

Marking Bits (Prev, Next): (CMBitMap*) 0x000002aa46e55120, (CMBitMap*) 0x000002aa46e55158
 Prev Bits: [0x000002aa42f10000, 0x000002aa44eb0000)
 Next Bits: [0x000002aa44eb0000, 0x000002aa46e50000)

Polling page: 0x000002aa263e0000

CodeHeap 'non-profiled nmethods': size=120000Kb used=97Kb max_used=97Kb free=119902Kb
 bounds [0x000002aa3a070000, 0x000002aa3a2e0000, 0x000002aa415a0000]
CodeHeap 'profiled nmethods': size=120000Kb used=492Kb max_used=492Kb free=119507Kb
 bounds [0x000002aa32b40000, 0x000002aa32db0000, 0x000002aa3a070000]
CodeHeap 'non-nmethods': size=5760Kb used=1199Kb max_used=1210Kb free=4560Kb
 bounds [0x000002aa325a0000, 0x000002aa32810000, 0x000002aa32b40000]
 total_blobs=766 nmethods=348 adapters=257
 compilation: enabled

Compilation events (10 events):
Event: 0.524 Thread 0x000002aa4a1cd000  339       3       sun.invoke.util.VerifyType::isNullConversion (157 bytes)
Event: 0.526 Thread 0x000002aa4a1cd000 nmethod 339 0x000002aa32bb2c10 code [0x000002aa32bb2f20, 0x000002aa32bb4ef0]
Event: 0.541 Thread 0x000002aa4a1cd000  340       3       jdk.internal.org.objectweb.asm.ClassWriter::put122 (15 bytes)
Event: 0.541 Thread 0x000002aa4a1cd000 nmethod 340 0x000002aa32bb5390 code [0x000002aa32bb5560, 0x000002aa32bb5760]
Event: 0.544 Thread 0x000002aa4a1cd000  344       3       sun.invoke.util.VerifyAccess::isTypeVisible (118 bytes)
Event: 0.546 Thread 0x000002aa4a1cd000 nmethod 344 0x000002aa32bb5890 code [0x000002aa32bb5c40, 0x000002aa32bb7e70]
Event: 0.546 Thread 0x000002aa4a1cd000  347       3       jdk.internal.org.objectweb.asm.Type::getArgumentsAndReturnSizes (151 bytes)
Event: 0.547 Thread 0x000002aa4a1cd000 nmethod 347 0x000002aa32bb8690 code [0x000002aa32bb8a00, 0x000002aa32bba4e0]
Event: 0.547 Thread 0x000002aa4a1cd000  346       3       java.lang.String::replace (42 bytes)
Event: 0.548 Thread 0x000002aa4a1cd000 nmethod 346 0x000002aa32bbad90 code [0x000002aa32bbaf60, 0x000002aa32bbb2c0]

GC Heap History (1 events):
Event: 0.580 GC heap before
{Heap before GC invocations=0 (full 0):
 garbage-first heap   total 131072K, used 5120K [0x0000000081800000, 0x0000000081900400, 0x0000000100000000)
  region size 1024K, 6 young (6144K), 0 survivors (0K)
 Metaspace       used 6606K, capacity 6754K, committed 6784K, reserved 1069056K
  class space    used 582K, capacity 622K, committed 640K, reserved 1048576K
}

Deoptimization events (1 events):
Event: 0.282 Thread 0x000002aa26455000 Uncommon trap: reason=unstable_if action=reinterpret pc=0x000002aa3a075408 method=java.lang.String.hashCode()I @ 22 c2

Classes redefined (0 events):
No events

Internal exceptions (2 events):
Event: 0.544 Thread 0x000002aa26455000 Exception <a 'java/lang/NoSuchMethodError'{0x00000000893ed820}: java.lang.Object.lambda$negate$3(I)Z> (0x00000000893ed820) thrown at [t:/workspace/hotspot/src/share/vm/interpreter/linkResolver.cpp, line 731]
Event: 0.545 Thread 0x000002aa26455000 Exception <a 'java/lang/NoSuchMethodError'{0x00000000893f0b58}: java.lang.Object.lambda$and$0(Ljava/util/regex/Pattern$CharPredicate;I)Z> (0x00000000893f0b58) thrown at [t:/workspace/hotspot/src/share/vm/interpreter/linkResolver.cpp, line 731]

Events (10 events):
Event: 0.579 loading class sun/util/locale/provider/LocaleProviderAdapter$Type done
Event: 0.579 loading class sun/util/locale/provider/LocaleProviderAdapter$NonExistentAdapter
Event: 0.579 loading class sun/util/locale/provider/FallbackLocaleProviderAdapter
Event: 0.579 loading class sun/util/locale/provider/JRELocaleProviderAdapter
Event: 0.580 loading class sun/util/locale/provider/ResourceBundleBasedAdapter
Event: 0.580 loading class sun/util/locale/provider/ResourceBundleBasedAdapter done
Event: 0.580 loading class sun/util/locale/provider/JRELocaleProviderAdapter done
Event: 0.580 loading class sun/util/locale/provider/FallbackLocaleProviderAdapter done
Event: 0.580 loading class sun/util/locale/provider/LocaleProviderAdapter$NonExistentAdapter done
Event: 0.580 Executing VM operation: CollectForMetadataAllocation


Dynamic libraries:
0x00007ff77da80000 - 0x00007ff77dabe000 	C:\Program Files\Java\jdk-9.0.4\bin\java.exe
0x00007ff979500000 - 0x00007ff9796e1000 	C:\WINDOWS\SYSTEM32\ntdll.dll
0x00007ff976fa0000 - 0x00007ff977052000 	C:\WINDOWS\System32\KERNEL32.DLL
0x00007ff976160000 - 0x00007ff9763d3000 	C:\WINDOWS\System32\KERNELBASE.dll
0x00007ff976d20000 - 0x00007ff976dc1000 	C:\WINDOWS\System32\ADVAPI32.dll
0x00007ff9791d0000 - 0x00007ff97926e000 	C:\WINDOWS\System32\msvcrt.dll
0x00007ff978e50000 - 0x00007ff978eab000 	C:\WINDOWS\System32\sechost.dll
0x00007ff9790a0000 - 0x00007ff9791c4000 	C:\WINDOWS\System32\RPCRT4.dll
0x00007ff979340000 - 0x00007ff9794d0000 	C:\WINDOWS\System32\USER32.dll
0x00007ff976780000 - 0x00007ff9767a0000 	C:\WINDOWS\System32\win32u.dll
0x00007ff978ec0000 - 0x00007ff978ee8000 	C:\WINDOWS\System32\GDI32.dll
0x00007ff9765e0000 - 0x00007ff976772000 	C:\WINDOWS\System32\gdi32full.dll
0x00007ff9763e0000 - 0x00007ff97647f000 	C:\WINDOWS\System32\msvcp_win.dll
0x00007ff9764e0000 - 0x00007ff9765da000 	C:\WINDOWS\System32\ucrtbase.dll
0x00007ff96ebc0000 - 0x00007ff96ee29000 	C:\WINDOWS\WinSxS\amd64_microsoft.windows.common-controls_6595b64144ccf1df_6.0.17134.345_none_fb429a5930656358\COMCTL32.dll
0x00007ff96f5e0000 - 0x00007ff96f5ea000 	C:\WINDOWS\SYSTEM32\VERSION.dll
0x00007ff977080000 - 0x00007ff9773a3000 	C:\WINDOWS\System32\combase.dll
0x00007ff9758d0000 - 0x00007ff97594a000 	C:\WINDOWS\System32\bcryptPrimitives.dll
0x00007ff978ef0000 - 0x00007ff978f1d000 	C:\WINDOWS\System32\IMM32.DLL
0x00007ff96cdf0000 - 0x00007ff96cedf000 	C:\Program Files\Java\jdk-9.0.4\bin\msvcr120.dll
0x00007ff967ca0000 - 0x00007ff967d46000 	C:\Program Files\Java\jdk-9.0.4\bin\msvcp120.dll
0x0000000055390000 - 0x0000000055db5000 	C:\Program Files\Java\jdk-9.0.4\bin\server\jvm.dll
0x00007ff979270000 - 0x00007ff979278000 	C:\WINDOWS\System32\PSAPI.DLL
0x00007ff9687d0000 - 0x00007ff9687d9000 	C:\WINDOWS\SYSTEM32\WSOCK32.dll
0x00007ff970c30000 - 0x00007ff970c53000 	C:\WINDOWS\SYSTEM32\WINMM.dll
0x00007ff976f30000 - 0x00007ff976f9c000 	C:\WINDOWS\System32\WS2_32.dll
0x00007ff970c00000 - 0x00007ff970c2a000 	C:\WINDOWS\SYSTEM32\winmmbase.dll
0x00007ff975950000 - 0x00007ff975999000 	C:\WINDOWS\System32\cfgmgr32.dll
0x00007ff972730000 - 0x00007ff97273f000 	C:\Program Files\Java\jdk-9.0.4\bin\verify.dll
0x00007ff970cf0000 - 0x00007ff970d17000 	C:\Program Files\Java\jdk-9.0.4\bin\java.dll
0x00007ff96ea10000 - 0x00007ff96ea3a000 	C:\Program Files\Java\jdk-9.0.4\bin\instrument.dll
0x00007ff970cd0000 - 0x00007ff970ce6000 	C:\Program Files\Java\jdk-9.0.4\bin\zip.dll
0x00007ff970cc0000 - 0x00007ff970cca000 	C:\Program Files\Java\jdk-9.0.4\bin\jimage.dll
0x00007ff9779b0000 - 0x00007ff978def000 	C:\WINDOWS\System32\SHELL32.dll
0x00007ff979290000 - 0x00007ff979339000 	C:\WINDOWS\System32\shcore.dll
0x00007ff975a50000 - 0x00007ff97615d000 	C:\WINDOWS\System32\windows.storage.dll
0x00007ff977950000 - 0x00007ff9779a1000 	C:\WINDOWS\System32\shlwapi.dll
0x00007ff975840000 - 0x00007ff975851000 	C:\WINDOWS\System32\kernel.appcore.dll
0x00007ff975860000 - 0x00007ff97587f000 	C:\WINDOWS\System32\profapi.dll
0x00007ff975880000 - 0x00007ff9758cc000 	C:\WINDOWS\System32\powrprof.dll
0x00007ff975830000 - 0x00007ff97583a000 	C:\WINDOWS\System32\FLTLIB.DLL
0x00007ff970ca0000 - 0x00007ff970cba000 	C:\Program Files\Java\jdk-9.0.4\bin\net.dll
0x00007ff970790000 - 0x00007ff97086c000 	C:\WINDOWS\SYSTEM32\WINHTTP.dll
0x00007ff975090000 - 0x00007ff9750f6000 	C:\WINDOWS\system32\mswsock.dll
0x00007ff96ea40000 - 0x00007ff96ea51000 	C:\Program Files\Java\jdk-9.0.4\bin\nio.dll
0x00007ff96e9f0000 - 0x00007ff96ea0a000 	D:\IntelliJ IDEA 2017.3.4\bin\breakgen64.dll

VM Arguments:
jvm_args: -javaagent:D:\IntelliJ IDEA 2017.3.4\lib\idea_rt.jar=50645:D:\IntelliJ IDEA 2017.3.4\bin -Dfile.encoding=UTF-8 
java_command: user.Main
java_class_path (initial): E:\$Курс по вёрствке$\КУРС\octopus\Epic-BG-PPSSPP-like--master\Romanov-Maxim-traineeship.github.io\BaskinoAccenture\out\production\BaskinoAccenture
Launcher Type: SUN_STANDARD

Logging:
Log output configuration:
#0: stdout all=warning uptime,level,tags
#1: stderr all=off uptime,level,tags

Environment Variables:
PATH=D:\app\Максим\product\11.2.0\dbhome_2\bin;D:\app\Максим\product\11.2.0\dbhome_1\bin;D:\app\oracle\product\11.2.0\server\bin;;C:\Program Files (x86)\NVIDIA Corporation\PhysX\Common;C:\ProgramData\Oracle\Java\javapath;E:\EasyPHP-DevServer-14.1VC11\binaries\php\php_runningversion;C:\WINDOWS\system32;C:\WINDOWS;C:\WINDOWS\System32\Wbem;C:\WINDOWS\System32\WindowsPowerShell\v1.0\;C:\Program Files (x86)\ATI Technologies\ATI.ACE\Core-Static;C:\Program Files (x86)\AMD\ATI.ACE\Core-Static;E:\for\MySQL55\bin;C:\Program Files\wget;D:\command;C:\WINDOWS\System32\OpenSSH\;C:\Program Files\nodejs\;C:\composer;C:\Program Files\Git\cmd;C:\Program Files\Microsoft SQL Server\Client SDK\ODBC\130\Tools\Binn\;C:\Program Files (x86)\Microsoft SQL Server\140\Tools\Binn\;C:\Program Files\Microsoft SQL Server\140\Tools\Binn\;C:\Program Files\Microsoft SQL Server\140\DTS\Binn\;C:\Ruby25-x64\bin;C:\RailsInstaller\Git\cmd;C:\RailsInstaller\Ruby2.3.3\bin;C:\Users\Максим\AppData\Local\Programs\Python\Python36-32\Scripts\;C:\Users\Максим\AppData\Local\Programs\Python\Python36-32\;C:\Users\Максим\AppData\Local\Microsoft\WindowsApps;C:\Users\Максим\AppData\Roaming\npm;C:\Users\Максим\AppData\Local\GitHubDesktop\bin;E:\heroku\bin;C:\Users\Максим\AppData\Roaming\Composer\vendor\bin;C:\Users\Максим\AppData\Local\atom\bin
USERNAME=Максим
OS=Windows_NT
PROCESSOR_IDENTIFIER=AMD64 Family 21 Model 2 Stepping 0, AuthenticAMD



---------------  S Y S T E M  ---------------

OS: Windows 10 , 64 bit Build 17134 (10.0.17134.1)

CPU:total 8 (initial active 8) (8 cores per cpu, 1 threads per core) family 21 model 2 stepping 0, cmov, cx8, fxsr, mmx, sse, sse2, sse3, ssse3, sse4.1, sse4.2, popcnt, avx, aes, clmul, mmxext, 3dnowpref, lzcnt, sse4a, tsc, tscinvbit, tscinv, bmi1

Memory: 4k page, physical 8287816k(2840676k free), swap 8287816k(364k free)

vm_info: Java HotSpot(TM) 64-Bit Server VM (9.0.4+11) for windows-amd64 JRE (9.0.4+11), built on Dec 20 2017 02:18:54 by "mach5one" with MS VC++ 12.0 (VS2013)

END.
