#
# There is insufficient memory for the Java Runtime Environment to continue.
# Native memory allocation (mmap) failed to map 134217728 bytes for Failed to commit area from 0x0000000081800000 to 0x0000000089800000 of length 134217728.
# Possible reasons:
#   The system is out of physical RAM or swap space
#   The process is running with CompressedOops enabled, and the Java Heap may be blocking the growth of the native heap
# Possible solutions:
#   Reduce memory load on the system
#   Increase physical memory or swap space
#   Check if swap backing store is full
#   Decrease Java heap size (-Xmx/-Xms)
#   Decrease number of Java threads
#   Decrease Java thread stack sizes (-Xss)
#   Set larger code cache with -XX:ReservedCodeCacheSize=
# This output file may be truncated or incomplete.
#
#  Out of Memory Error (t:/workspace/hotspot/src/os/windows/vm/os_windows.cpp:3357), pid=1580, tid=812
#
# JRE version:  (9.0+11) (build )
# Java VM: Java HotSpot(TM) 64-Bit Server VM (9.0.4+11, mixed mode, tiered, compressed oops, g1 gc, windows-amd64)
# No core dump will be written. Minidumps are not enabled by default on client versions of Windows
#

---------------  S U M M A R Y ------------

Command Line: -javaagent:D:\IntelliJ IDEA 2017.3.4\lib\idea_rt.jar=50771:D:\IntelliJ IDEA 2017.3.4\bin -Dfile.encoding=UTF-8 user.Main

Host: AMD FX(tm)-8320 Eight-Core Processor           , 8 cores, 7G,  Windows 10 , 64 bit Build 17134 (10.0.17134.1)
Time: Mon Oct 29 00:18:07 2018 RTZ 2 (ceia) elapsed time: 0 seconds (0d 0h 0m 0s)

---------------  T H R E A D  ---------------

Current thread (0x0000025fc8736800):  JavaThread "Unknown thread" [_thread_in_vm, id=812, stack(0x000000e426600000,0x000000e426700000)]

Stack: [0x000000e426600000,0x000000e426700000]
Native frames: (J=compiled Java code, j=interpreted, Vv=VM code, C=native code)
V  [jvm.dll+0x587068]
V  [jvm.dll+0x69c25e]
V  [jvm.dll+0x69d17a]
V  [jvm.dll+0x69d7b3]
V  [jvm.dll+0x21d198]
V  [jvm.dll+0x584bb4]
V  [jvm.dll+0x57a095]
V  [jvm.dll+0x2cd67b]
V  [jvm.dll+0x2cd5e3]
V  [jvm.dll+0x2cd4b2]
V  [jvm.dll+0x2cf4b3]
V  [jvm.dll+0x3191e3]
V  [jvm.dll+0x3198f6]
V  [jvm.dll+0x3192e3]
V  [jvm.dll+0x2adeb8]
V  [jvm.dll+0x2af0e7]
V  [jvm.dll+0x67b34d]
V  [jvm.dll+0x67c70c]
V  [jvm.dll+0x3269c9]
V  [jvm.dll+0x66555e]
V  [jvm.dll+0x391811]
V  [jvm.dll+0x3937c1]
C  [java.exe+0x34f1]
C  [java.exe+0xe24f]
C  [java.exe+0xe3f6]
C  [KERNEL32.DLL+0x13034]
C  [ntdll.dll+0x71461]


---------------  P R O C E S S  ---------------

Java Threads: ( => current thread )

Other Threads:
  0x0000025fc874d000 GCTaskThread "GC Thread#0" [stack: 0x000000e426700000,0x000000e426800000] [id=8420]
  0x0000025fc874e800 GCTaskThread "GC Thread#1" [stack: 0x000000e426800000,0x000000e426900000] [id=11376]
  0x0000025fc8750000 GCTaskThread "GC Thread#2" [stack: 0x000000e426900000,0x000000e426a00000] [id=1844]
  0x0000025fc8757800 GCTaskThread "GC Thread#3" [stack: 0x000000e426a00000,0x000000e426b00000] [id=708]
  0x0000025fc8758800 GCTaskThread "GC Thread#4" [stack: 0x000000e426b00000,0x000000e426c00000] [id=984]
  0x0000025fc8763800 GCTaskThread "GC Thread#5" [stack: 0x000000e426c00000,0x000000e426d00000] [id=8468]
  0x0000025fc8764800 GCTaskThread "GC Thread#6" [stack: 0x000000e426d00000,0x000000e426e00000] [id=5644]
  0x0000025fc8765000 GCTaskThread "GC Thread#7" [stack: 0x000000e426e00000,0x000000e426f00000] [id=8920]
  0x0000025fc87b5800 ConcurrentGCThread "G1 Main Marker" [stack: 0x000000e427800000,0x000000e427900000] [id=7460]
  0x0000025fc87b6800 ConcurrentGCThread "G1 Marker#0" [stack: 0x000000e427900000,0x000000e427a00000] [id=9872]
  0x0000025fc87b7000 ConcurrentGCThread "G1 Marker#1" [stack: 0x000000e427a00000,0x000000e427b00000] [id=10428]
  0x0000025fc8785000 ConcurrentGCThread "G1 Refine#0" [stack: 0x000000e427600000,0x000000e427700000] [id=7380]
  0x0000025fc8784000 ConcurrentGCThread "G1 Refine#1" [stack: 0x000000e427500000,0x000000e427600000] [id=3616]
  0x0000025fc8783000 ConcurrentGCThread "G1 Refine#2" [stack: 0x000000e427400000,0x000000e427500000] [id=1832]
  0x0000025fc8780000 ConcurrentGCThread "G1 Refine#3" [stack: 0x000000e427300000,0x000000e427400000] [id=7016]
  0x0000025fc877f000 ConcurrentGCThread "G1 Refine#4" [stack: 0x000000e427200000,0x000000e427300000] [id=6236]
  0x0000025fc8774000 ConcurrentGCThread "G1 Refine#5" [stack: 0x000000e427100000,0x000000e427200000] [id=3004]
  0x0000025fc8771000 ConcurrentGCThread "G1 Refine#6" [stack: 0x000000e427000000,0x000000e427100000] [id=364]
  0x0000025fc8770800 ConcurrentGCThread "G1 Refine#7" [stack: 0x000000e426f00000,0x000000e427000000] [id=380]
  0x0000025fc8788000 ConcurrentGCThread "G1 Young RemSet Sampling" [stack: 0x000000e427700000,0x000000e427800000] [id=8528]

=>0x0000025fc8736800 (exited) JavaThread "Unknown thread" [_thread_in_vm, id=812, stack(0x000000e426600000,0x000000e426700000)]

Threads with active compile tasks:

VM state:not at safepoint (not fully initialized)

VM Mutex/Monitor currently owned by a thread:  ([mutex/lock_event])
[0x0000025fc87336f0] Heap_lock - owner thread: 0x0000025fc8736800

Heap address: 0x0000000081800000, size: 2024 MB, Compressed Oops mode: Non-zero based: 0x0000000081800000
Narrow klass base: 0x0000000000000000, Narrow klass shift: 0

GC Heap History (0 events):
No events

Deoptimization events (0 events):
No events

Classes redefined (0 events):
No events

Internal exceptions (0 events):
No events

Events (0 events):
No events


Dynamic libraries:
0x00007ff7edd00000 - 0x00007ff7edd3e000 	C:\Program Files\Java\jdk-9.0.4\bin\java.exe
0x00007ffe9a760000 - 0x00007ffe9a941000 	C:\WINDOWS\SYSTEM32\ntdll.dll
0x00007ffe98230000 - 0x00007ffe982e2000 	C:\WINDOWS\System32\KERNEL32.DLL
0x00007ffe96e40000 - 0x00007ffe970b3000 	C:\WINDOWS\System32\KERNELBASE.dll
0x00007ffe9a5e0000 - 0x00007ffe9a681000 	C:\WINDOWS\System32\ADVAPI32.dll
0x00007ffe9a4e0000 - 0x00007ffe9a57e000 	C:\WINDOWS\System32\msvcrt.dll
0x00007ffe98ad0000 - 0x00007ffe98b2b000 	C:\WINDOWS\System32\sechost.dll
0x00007ffe985a0000 - 0x00007ffe986c4000 	C:\WINDOWS\System32\RPCRT4.dll
0x00007ffe97d70000 - 0x00007ffe97f00000 	C:\WINDOWS\System32\USER32.dll
0x00007ffe96e20000 - 0x00007ffe96e40000 	C:\WINDOWS\System32\win32u.dll
0x00007ffe98830000 - 0x00007ffe98858000 	C:\WINDOWS\System32\GDI32.dll
0x00007ffe97240000 - 0x00007ffe973d2000 	C:\WINDOWS\System32\gdi32full.dll
0x00007ffe970c0000 - 0x00007ffe9715f000 	C:\WINDOWS\System32\msvcp_win.dll
0x00007ffe96b30000 - 0x00007ffe96c2a000 	C:\WINDOWS\System32\ucrtbase.dll
0x00007ffe8dd30000 - 0x00007ffe8df99000 	C:\WINDOWS\WinSxS\amd64_microsoft.windows.common-controls_6595b64144ccf1df_6.0.17134.345_none_fb429a5930656358\COMCTL32.dll
0x00007ffe8fc20000 - 0x00007ffe8fc2a000 	C:\WINDOWS\SYSTEM32\VERSION.dll
0x00007ffe97f00000 - 0x00007ffe98223000 	C:\WINDOWS\System32\combase.dll
0x00007ffe97160000 - 0x00007ffe971da000 	C:\WINDOWS\System32\bcryptPrimitives.dll
0x00007ffe9a4b0000 - 0x00007ffe9a4dd000 	C:\WINDOWS\System32\IMM32.DLL
0x00007ffe8d3f0000 - 0x00007ffe8d4df000 	C:\Program Files\Java\jdk-9.0.4\bin\msvcr120.dll
0x00007ffe85d10000 - 0x00007ffe85db6000 	C:\Program Files\Java\jdk-9.0.4\bin\msvcp120.dll
0x0000000057350000 - 0x0000000057d75000 	C:\Program Files\Java\jdk-9.0.4\bin\server\jvm.dll
0x00007ffe98860000 - 0x00007ffe98868000 	C:\WINDOWS\System32\PSAPI.DLL
0x00007ffe8a010000 - 0x00007ffe8a019000 	C:\WINDOWS\SYSTEM32\WSOCK32.dll
0x00007ffe90db0000 - 0x00007ffe90dd3000 	C:\WINDOWS\SYSTEM32\WINMM.dll
0x00007ffe98870000 - 0x00007ffe988dc000 	C:\WINDOWS\System32\WS2_32.dll
0x00007ffe90d80000 - 0x00007ffe90daa000 	C:\WINDOWS\SYSTEM32\winmmbase.dll
0x00007ffe97ba0000 - 0x00007ffe97be9000 	C:\WINDOWS\System32\cfgmgr32.dll
0x00007ffe939a0000 - 0x00007ffe939af000 	C:\Program Files\Java\jdk-9.0.4\bin\verify.dll
0x00007ffe93960000 - 0x00007ffe93987000 	C:\Program Files\Java\jdk-9.0.4\bin\java.dll
0x00007ffe8d380000 - 0x00007ffe8d3aa000 	C:\Program Files\Java\jdk-9.0.4\bin\instrument.dll
0x00007ffe93300000 - 0x00007ffe93316000 	C:\Program Files\Java\jdk-9.0.4\bin\zip.dll
0x00007ffe932f0000 - 0x00007ffe932fa000 	C:\Program Files\Java\jdk-9.0.4\bin\jimage.dll
0x00007ffe8dad0000 - 0x00007ffe8dc99000 	C:\WINDOWS\SYSTEM32\dbghelp.dll

VM Arguments:
jvm_args: -javaagent:D:\IntelliJ IDEA 2017.3.4\lib\idea_rt.jar=50771:D:\IntelliJ IDEA 2017.3.4\bin -Dfile.encoding=UTF-8 
java_command: user.Main
java_class_path (initial): E:\$Курс по вёрствке$\КУРС\octopus\Epic-BG-PPSSPP-like--master\Romanov-Maxim-traineeship.github.io\BaskinoAccenture\out\production\BaskinoAccenture
Launcher Type: SUN_STANDARD

Logging:
Log output configuration:
#0: stdout all=warning uptime,level,tags
#1: stderr all=off uptime,level,tags

Environment Variables:
PATH=D:\app\Максим\product\11.2.0\dbhome_2\bin;D:\app\Максим\product\11.2.0\dbhome_1\bin;D:\app\oracle\product\11.2.0\server\bin;;C:\Program Files (x86)\NVIDIA Corporation\PhysX\Common;C:\ProgramData\Oracle\Java\javapath;E:\EasyPHP-DevServer-14.1VC11\binaries\php\php_runningversion;C:\WINDOWS\system32;C:\WINDOWS;C:\WINDOWS\System32\Wbem;C:\WINDOWS\System32\WindowsPowerShell\v1.0\;C:\Program Files (x86)\ATI Technologies\ATI.ACE\Core-Static;C:\Program Files (x86)\AMD\ATI.ACE\Core-Static;E:\for\MySQL55\bin;C:\Program Files\wget;D:\command;C:\WINDOWS\System32\OpenSSH\;C:\Program Files\nodejs\;C:\composer;C:\Program Files\Git\cmd;C:\Program Files\Microsoft SQL Server\Client SDK\ODBC\130\Tools\Binn\;C:\Program Files (x86)\Microsoft SQL Server\140\Tools\Binn\;C:\Program Files\Microsoft SQL Server\140\Tools\Binn\;C:\Program Files\Microsoft SQL Server\140\DTS\Binn\;C:\Ruby25-x64\bin;C:\RailsInstaller\Git\cmd;C:\RailsInstaller\Ruby2.3.3\bin;C:\Users\Максим\AppData\Local\Programs\Python\Python36-32\Scripts\;C:\Users\Максим\AppData\Local\Programs\Python\Python36-32\;C:\Users\Максим\AppData\Local\Microsoft\WindowsApps;C:\Users\Максим\AppData\Roaming\npm;C:\Users\Максим\AppData\Local\GitHubDesktop\bin;E:\heroku\bin;C:\Users\Максим\AppData\Roaming\Composer\vendor\bin;C:\Users\Максим\AppData\Local\atom\bin
USERNAME=Максим
OS=Windows_NT
PROCESSOR_IDENTIFIER=AMD64 Family 21 Model 2 Stepping 0, AuthenticAMD



---------------  S Y S T E M  ---------------

OS: Windows 10 , 64 bit Build 17134 (10.0.17134.1)

CPU:total 8 (initial active 8) (8 cores per cpu, 1 threads per core) family 21 model 2 stepping 0, cmov, cx8, fxsr, mmx, sse, sse2, sse3, ssse3, sse4.1, sse4.2, popcnt, avx, aes, clmul, mmxext, 3dnowpref, lzcnt, sse4a, tsc, tscinvbit, tscinv, bmi1

Memory: 4k page, physical 8287816k(2909068k free), swap 8287816k(105200k free)

vm_info: Java HotSpot(TM) 64-Bit Server VM (9.0.4+11) for windows-amd64 JRE (9.0.4+11), built on Dec 20 2017 02:18:54 by "mach5one" with MS VC++ 12.0 (VS2013)

END.
